D:\GITHUBPROJECT\MYQQDEMO\SRC\MYQQDEMO\MYQQDEMO\DEBUG\APPWIDGET.OBJ
D:\GITHUBPROJECT\MYQQDEMO\SRC\MYQQDEMO\MYQQDEMO\DEBUG\APPWIDGET2.OBJ
D:\GITHUBPROJECT\MYQQDEMO\SRC\MYQQDEMO\MYQQDEMO\DEBUG\BUDDYITEM.OBJ
D:\GITHUBPROJECT\MYQQDEMO\SRC\MYQQDEMO\MYQQDEMO\DEBUG\BUDDYLISTWIDGET.OBJ
D:\GITHUBPROJECT\MYQQDEMO\SRC\MYQQDEMO\MYQQDEMO\DEBUG\BUDDYTEAM.OBJ
D:\githubProject\MyQQDemo\src\MyQQDemo\MyQQDemo\Debug\cl.command.1.tlog
D:\githubProject\MyQQDemo\src\MyQQDemo\MyQQDemo\Debug\CL.read.1.tlog
D:\githubProject\MyQQDemo\src\MyQQDemo\MyQQDemo\Debug\CL.write.1.tlog
D:\GITHUBPROJECT\MYQQDEMO\SRC\MYQQDEMO\MYQQDEMO\DEBUG\COLUMNWIDGET.OBJ
D:\GITHUBPROJECT\MYQQDEMO\SRC\MYQQDEMO\MYQQDEMO\DEBUG\COLUMNWIDGET2.OBJ
D:\githubProject\MyQQDemo\src\MyQQDemo\MyQQDemo\Debug\custombuild.command.1.tlog
D:\githubProject\MyQQDemo\src\MyQQDemo\MyQQDemo\Debug\custombuild.read.1.tlog
D:\githubProject\MyQQDemo\src\MyQQDemo\MyQQDemo\Debug\custombuild.write.1.tlog
D:\githubProject\MyQQDemo\src\MyQQDemo\MyQQDemo\Debug\link.command.1.tlog
D:\githubProject\MyQQDemo\src\MyQQDemo\MyQQDemo\Debug\link.read.1.tlog
D:\githubProject\MyQQDemo\src\MyQQDemo\MyQQDemo\Debug\link.write.1.tlog
D:\GITHUBPROJECT\MYQQDEMO\SRC\MYQQDEMO\MYQQDEMO\DEBUG\MAIN.OBJ
D:\GITHUBPROJECT\MYQQDEMO\SRC\MYQQDEMO\MYQQDEMO\DEBUG\MOC_APPWIDGET.OBJ
D:\GITHUBPROJECT\MYQQDEMO\SRC\MYQQDEMO\MYQQDEMO\DEBUG\MOC_APPWIDGET2.OBJ
D:\GITHUBPROJECT\MYQQDEMO\SRC\MYQQDEMO\MYQQDEMO\DEBUG\MOC_BUDDYLISTWIDGET.OBJ
D:\GITHUBPROJECT\MYQQDEMO\SRC\MYQQDEMO\MYQQDEMO\DEBUG\MOC_COLUMNWIDGET.OBJ
D:\GITHUBPROJECT\MYQQDEMO\SRC\MYQQDEMO\MYQQDEMO\DEBUG\MOC_COLUMNWIDGET2.OBJ
D:\GITHUBPROJECT\MYQQDEMO\SRC\MYQQDEMO\MYQQDEMO\DEBUG\MOC_MYQQDEMO.OBJ
D:\GITHUBPROJECT\MYQQDEMO\SRC\MYQQDEMO\MYQQDEMO\DEBUG\MOC_QQSTYLEPUSHBUTTON.OBJ
D:\GITHUBPROJECT\MYQQDEMO\SRC\MYQQDEMO\MYQQDEMO\DEBUG\MOC_SEARCHLINEEDIT.OBJ
D:\GITHUBPROJECT\MYQQDEMO\SRC\MYQQDEMO\MYQQDEMO\DEBUG\MOC_STYLEWIDGET.OBJ
D:\GITHUBPROJECT\MYQQDEMO\SRC\MYQQDEMO\MYQQDEMO\DEBUG\MOC_TITLEBAR.OBJ
D:\GITHUBPROJECT\MYQQDEMO\SRC\MYQQDEMO\MYQQDEMO\DEBUG\MOC_TOOLWIDGET.OBJ
D:\GITHUBPROJECT\MYQQDEMO\SRC\MYQQDEMO\MYQQDEMO\DEBUG\MOC_USERINFOWIDGET.OBJ
D:\GITHUBPROJECT\MYQQDEMO\SRC\MYQQDEMO\MYQQDEMO\DEBUG\MOC_USERINFOWIDGET2.OBJ
D:\githubProject\MyQQDemo\src\MyQQDemo\MyQQDemo\Debug\mt.command.1.tlog
D:\githubProject\MyQQDemo\src\MyQQDemo\MyQQDemo\Debug\mt.read.1.tlog
D:\githubProject\MyQQDemo\src\MyQQDemo\MyQQDemo\Debug\mt.write.1.tlog
D:\GITHUBPROJECT\MYQQDEMO\SRC\MYQQDEMO\MYQQDEMO\DEBUG\MYQQDEMO.EXE.INTERMEDIATE.MANIFEST
D:\GITHUBPROJECT\MYQQDEMO\SRC\MYQQDEMO\MYQQDEMO\DEBUG\MYQQDEMO.OBJ
D:\GITHUBPROJECT\MYQQDEMO\SRC\MYQQDEMO\MYQQDEMO\DEBUG\QRC_MYQQDEMO.OBJ
D:\GITHUBPROJECT\MYQQDEMO\SRC\MYQQDEMO\MYQQDEMO\DEBUG\SEARCHLINEEDIT.OBJ
D:\GITHUBPROJECT\MYQQDEMO\SRC\MYQQDEMO\MYQQDEMO\DEBUG\STYLEWIDGET.OBJ
D:\GITHUBPROJECT\MYQQDEMO\SRC\MYQQDEMO\MYQQDEMO\DEBUG\TITLEBAR.OBJ
D:\GITHUBPROJECT\MYQQDEMO\SRC\MYQQDEMO\MYQQDEMO\DEBUG\TOOLWIDGET.OBJ
D:\GITHUBPROJECT\MYQQDEMO\SRC\MYQQDEMO\MYQQDEMO\DEBUG\USERINFOWIDGET.OBJ
D:\GITHUBPROJECT\MYQQDEMO\SRC\MYQQDEMO\MYQQDEMO\DEBUG\USERINFOWIDGET2.OBJ
D:\GITHUBPROJECT\MYQQDEMO\SRC\MYQQDEMO\MYQQDEMO\DEBUG\VC100.PDB
D:\GITHUBPROJECT\MYQQDEMO\SRC\MYQQDEMO\MYQQDEMO\GENERATEDFILES\DEBUG\MOC_APPWIDGET.CPP
D:\GITHUBPROJECT\MYQQDEMO\SRC\MYQQDEMO\MYQQDEMO\GENERATEDFILES\DEBUG\MOC_APPWIDGET2.CPP
D:\GITHUBPROJECT\MYQQDEMO\SRC\MYQQDEMO\MYQQDEMO\GENERATEDFILES\DEBUG\MOC_BUDDYLISTWIDGET.CPP
D:\GITHUBPROJECT\MYQQDEMO\SRC\MYQQDEMO\MYQQDEMO\GENERATEDFILES\DEBUG\MOC_COLUMNWIDGET.CPP
D:\GITHUBPROJECT\MYQQDEMO\SRC\MYQQDEMO\MYQQDEMO\GENERATEDFILES\DEBUG\MOC_COLUMNWIDGET2.CPP
D:\GITHUBPROJECT\MYQQDEMO\SRC\MYQQDEMO\MYQQDEMO\GENERATEDFILES\DEBUG\MOC_MYQQDEMO.CPP
D:\GITHUBPROJECT\MYQQDEMO\SRC\MYQQDEMO\MYQQDEMO\GENERATEDFILES\DEBUG\MOC_QQSTYLEPUSHBUTTON.CPP
D:\GITHUBPROJECT\MYQQDEMO\SRC\MYQQDEMO\MYQQDEMO\GENERATEDFILES\DEBUG\MOC_SEARCHLINEEDIT.CPP
D:\GITHUBPROJECT\MYQQDEMO\SRC\MYQQDEMO\MYQQDEMO\GENERATEDFILES\DEBUG\MOC_STYLEWIDGET.CPP
D:\GITHUBPROJECT\MYQQDEMO\SRC\MYQQDEMO\MYQQDEMO\GENERATEDFILES\DEBUG\MOC_TITLEBAR.CPP
D:\GITHUBPROJECT\MYQQDEMO\SRC\MYQQDEMO\MYQQDEMO\GENERATEDFILES\DEBUG\MOC_TOOLWIDGET.CPP
D:\GITHUBPROJECT\MYQQDEMO\SRC\MYQQDEMO\MYQQDEMO\GENERATEDFILES\DEBUG\MOC_USERINFOWIDGET.CPP
D:\GITHUBPROJECT\MYQQDEMO\SRC\MYQQDEMO\MYQQDEMO\GENERATEDFILES\DEBUG\MOC_USERINFOWIDGET2.CPP
D:\GITHUBPROJECT\MYQQDEMO\SRC\MYQQDEMO\MYQQDEMO\GENERATEDFILES\QRC_MYQQDEMO.CPP
D:\GITHUBPROJECT\MYQQDEMO\SRC\MYQQDEMO\MYQQDEMO\GENERATEDFILES\UI_APPWIDGET2.H
D:\GITHUBPROJECT\MYQQDEMO\SRC\MYQQDEMO\MYQQDEMO\GENERATEDFILES\UI_STYLEWIDGET.H
D:\GITHUBPROJECT\MYQQDEMO\SRC\MYQQDEMO\MYQQDEMO\GENERATEDFILES\UI_USERINFOWIDGET2.H
D:\GITHUBPROJECT\MYQQDEMO\SRC\MYQQDEMO\WIN32\DEBUG\MYQQDEMO.EXE
D:\GITHUBPROJECT\MYQQDEMO\SRC\MYQQDEMO\WIN32\DEBUG\MYQQDEMO.ILK
D:\GITHUBPROJECT\MYQQDEMO\SRC\MYQQDEMO\WIN32\DEBUG\MYQQDEMO.PDB
